<?xml version="1.0" encoding="UTF-8"?>
<!-- Generated by org.testng.reporters.JUnitReportReporter -->
<testsuite hostname="DESKTOP-4J22C4F" failures="0" tests="2" name="Tej_test.TestScenario_1" time="40.140" errors="0" timestamp="2024-05-30T22:28:19 IST" skipped="0">
  <testcase classname="Tej_test.TestScenario_1" name="TestScenario1" time="21.131"/>
  <system-out/>
  <testcase classname="Tej_test.TestScenario_1" name="TestScenario1" time="19.009"/>
  <system-out/>
</testsuite> <!-- Tej_test.TestScenario_1 -->
