<?xml version="1.0" encoding="UTF-8"?>
<!-- Generated by org.testng.reporters.JUnitReportReporter -->
<testsuite hostname="DESKTOP-4J22C4F" failures="0" tests="2" name="Tej_test.TestScenario_2" time="44.075" errors="0" timestamp="2024-05-30T22:28:19 IST" skipped="0">
  <testcase classname="Tej_test.TestScenario_2" name="TestScenario2" time="22.349"/>
  <system-out/>
  <testcase classname="Tej_test.TestScenario_2" name="TestScenario2" time="21.726"/>
  <system-out/>
</testsuite> <!-- Tej_test.TestScenario_2 -->
